#
# There is insufficient memory for the Java Runtime Environment to continue.
# Native memory allocation (mmap) failed to map 130023424 bytes. Error detail: G1 virtual space
# Possible reasons:
#   The system is out of physical RAM or swap space
#   This process is running with CompressedOops enabled, and the Java Heap may be blocking the growth of the native heap
# Possible solutions:
#   Reduce memory load on the system
#   Increase physical memory or swap space
#   Check if swap backing store is full
#   Decrease Java heap size (-Xmx/-Xms)
#   Decrease number of Java threads
#   Decrease Java thread stack sizes (-Xss)
#   Set larger code cache with -XX:ReservedCodeCacheSize=
#   JVM is running with Unscaled Compressed Oops mode in which the Java heap is
#     placed in the first 4GB address space. The Java Heap base address is the
#     maximum limit for the native heap growth. Please use -XX:HeapBaseMinAddress
#     to set the Java Heap base and to place the Java Heap above 4GB virtual address.
# This output file may be truncated or incomplete.
#
#  Out of Memory Error (os_windows.cpp:3613), pid=4928, tid=7488
#
# JRE version:  (17.0.11+9) (build )
# Java VM: OpenJDK 64-Bit Server VM (17.0.11+9, mixed mode, sharing, tiered, compressed oops, compressed class ptrs, g1 gc, windows-amd64)
# No core dump will be written. Minidumps are not enabled by default on client versions of Windows
#

---------------  S U M M A R Y ------------

Command Line: -XX:+ShowCodeDetailsInExceptionMessages br.com.exemplo.api.ApiApplication

Host: 12th Gen Intel(R) Core(TM) i5-12400, 12 cores, 7G,  Windows 11 , 64 bit Build 22621 (10.0.22621.3672)
Time: Wed Jun 26 10:35:55 2024 Hora Padrăo da Bahia elapsed time: 0.010460 seconds (0d 0h 0m 0s)

---------------  T H R E A D  ---------------

Current thread (0x000001c3da7df510):  JavaThread "Unknown thread" [_thread_in_vm, id=7488, stack(0x0000001b50e00000,0x0000001b50f00000)]

Stack: [0x0000001b50e00000,0x0000001b50f00000]
Native frames: (J=compiled Java code, j=interpreted, Vv=VM code, C=native code)
V  [jvm.dll+0x67d429]
V  [jvm.dll+0x834b7a]
V  [jvm.dll+0x83663e]
V  [jvm.dll+0x836ca3]
V  [jvm.dll+0x247dbf]
V  [jvm.dll+0x67a269]
V  [jvm.dll+0x66ecda]
V  [jvm.dll+0x30797b]
V  [jvm.dll+0x30ee26]
V  [jvm.dll+0x35e80e]
V  [jvm.dll+0x35ea3f]
V  [jvm.dll+0x2de6b8]
V  [jvm.dll+0x2df624]
V  [jvm.dll+0x806531]
V  [jvm.dll+0x36c561]
V  [jvm.dll+0x7e4f56]
V  [jvm.dll+0x3efdcf]
V  [jvm.dll+0x3f1921]
C  [jli.dll+0x528f]
C  [ucrtbase.dll+0x29333]
C  [KERNEL32.DLL+0x1257d]
C  [ntdll.dll+0x5af28]


---------------  P R O C E S S  ---------------

Threads class SMR info:
_java_thread_list=0x00007ffab41beed8, length=0, elements={
}

Java Threads: ( => current thread )

Other Threads:
  0x000001c3da8404d0 GCTaskThread "GC Thread#0" [stack: 0x0000001b50f00000,0x0000001b51000000] [id=17672]
  0x000001c3da850b60 ConcurrentGCThread "G1 Main Marker" [stack: 0x0000001b51000000,0x0000001b51100000] [id=11440]
  0x000001c3da851580 ConcurrentGCThread "G1 Conc#0" [stack: 0x0000001b51100000,0x0000001b51200000] [id=7948]

[error occurred during error reporting (printing all threads), id 0xc0000005, EXCEPTION_ACCESS_VIOLATION (0xc0000005) at pc=0x00007ffab397f0f7]

VM state: not at safepoint (not fully initialized)

VM Mutex/Monitor currently owned by a thread:  ([mutex/lock_event])
[0x000001c3da7da030] Heap_lock - owner thread: 0x000001c3da7df510

Heap address: 0x0000000084600000, size: 1978 MB, Compressed Oops mode: 32-bit

CDS archive(s) mapped at: [0x0000000000000000-0x0000000000000000-0x0000000000000000), size 0, SharedBaseAddress: 0x0000000800000000, ArchiveRelocationMode: 1.
Narrow klass base: 0x0000000000000000, Narrow klass shift: 0, Narrow klass range: 0x0

GC Precious Log:
<Empty>

Heap:
 garbage-first heap   total 0K, used 0K [0x0000000084600000, 0x0000000100000000)
  region size 1024K, 0 young (0K), 0 survivors (0K)

[error occurred during error reporting (printing heap information), id 0xc0000005, EXCEPTION_ACCESS_VIOLATION (0xc0000005) at pc=0x00007ffab3d670c9]

GC Heap History (0 events):
No events

Dll operation events (1 events):
Event: 0.006 Loaded shared library C:\Users\Aluno\.vscode\extensions\redhat.java-1.31.0-win32-x64\jre\17.0.11-win32-x86_64\bin\java.dll

Deoptimization events (0 events):
No events

Classes unloaded (0 events):
No events

Classes redefined (0 events):
No events

Internal exceptions (0 events):
No events

VM Operations (0 events):
No events

Events (0 events):
No events


Dynamic libraries:
0x00007ff797800000 - 0x00007ff79780e000 	C:\Users\Aluno\.vscode\extensions\redhat.java-1.31.0-win32-x64\jre\17.0.11-win32-x86_64\bin\java.exe
0x00007ffb6d0b0000 - 0x00007ffb6d2c7000 	C:\WINDOWS\SYSTEM32\ntdll.dll
0x00007ffb6c860000 - 0x00007ffb6c924000 	C:\WINDOWS\System32\KERNEL32.DLL
0x00007ffb6a8a0000 - 0x00007ffb6ac4c000 	C:\WINDOWS\System32\KERNELBASE.dll
0x00007ffb6a570000 - 0x00007ffb6a681000 	C:\WINDOWS\System32\ucrtbase.dll
0x00007ffb5d260000 - 0x00007ffb5d277000 	C:\Users\Aluno\.vscode\extensions\redhat.java-1.31.0-win32-x64\jre\17.0.11-win32-x86_64\bin\jli.dll
0x00007ffb58b70000 - 0x00007ffb58b8b000 	C:\Users\Aluno\.vscode\extensions\redhat.java-1.31.0-win32-x64\jre\17.0.11-win32-x86_64\bin\VCRUNTIME140.dll
0x00007ffb6afa0000 - 0x00007ffb6b14e000 	C:\WINDOWS\System32\USER32.dll
0x00007ffb4b000000 - 0x00007ffb4b293000 	C:\WINDOWS\WinSxS\amd64_microsoft.windows.common-controls_6595b64144ccf1df_6.0.22621.3672_none_2713b9d173822955\COMCTL32.dll
0x00007ffb6a730000 - 0x00007ffb6a756000 	C:\WINDOWS\System32\win32u.dll
0x00007ffb6bdd0000 - 0x00007ffb6be77000 	C:\WINDOWS\System32\msvcrt.dll
0x00007ffb6ca10000 - 0x00007ffb6ca39000 	C:\WINDOWS\System32\GDI32.dll
0x00007ffb6a3e0000 - 0x00007ffb6a4f9000 	C:\WINDOWS\System32\gdi32full.dll
0x00007ffb6a690000 - 0x00007ffb6a72a000 	C:\WINDOWS\System32\msvcp_win.dll
0x00007ffb6c710000 - 0x00007ffb6c741000 	C:\WINDOWS\System32\IMM32.DLL
0x00007ffb5d250000 - 0x00007ffb5d25c000 	C:\Users\Aluno\.vscode\extensions\redhat.java-1.31.0-win32-x64\jre\17.0.11-win32-x86_64\bin\vcruntime140_1.dll
0x00007ffac08e0000 - 0x00007ffac096d000 	C:\Users\Aluno\.vscode\extensions\redhat.java-1.31.0-win32-x64\jre\17.0.11-win32-x86_64\bin\msvcp140.dll
0x00007ffab3690000 - 0x00007ffab42f2000 	C:\Users\Aluno\.vscode\extensions\redhat.java-1.31.0-win32-x64\jre\17.0.11-win32-x86_64\bin\server\jvm.dll
0x00007ffb6ae10000 - 0x00007ffb6aec2000 	C:\WINDOWS\System32\ADVAPI32.dll
0x00007ffb6ce00000 - 0x00007ffb6ceaa000 	C:\WINDOWS\System32\sechost.dll
0x00007ffb6ac50000 - 0x00007ffb6ac78000 	C:\WINDOWS\System32\bcrypt.dll
0x00007ffb6c470000 - 0x00007ffb6c585000 	C:\WINDOWS\System32\RPCRT4.dll
0x00007ffb4b3b0000 - 0x00007ffb4b3b9000 	C:\WINDOWS\SYSTEM32\WSOCK32.dll
0x00007ffb5d570000 - 0x00007ffb5d5a4000 	C:\WINDOWS\SYSTEM32\WINMM.dll
0x00007ffb69230000 - 0x00007ffb6927d000 	C:\WINDOWS\SYSTEM32\POWRPROF.dll
0x00007ffb57d40000 - 0x00007ffb57d4a000 	C:\WINDOWS\SYSTEM32\VERSION.dll
0x00007ffb6b4e0000 - 0x00007ffb6b551000 	C:\WINDOWS\System32\WS2_32.dll
0x00007ffb69210000 - 0x00007ffb69223000 	C:\WINDOWS\SYSTEM32\UMPDC.dll
0x00007ffb694c0000 - 0x00007ffb694d8000 	C:\WINDOWS\SYSTEM32\kernel.appcore.dll
0x00007ffb5ace0000 - 0x00007ffb5acea000 	C:\Users\Aluno\.vscode\extensions\redhat.java-1.31.0-win32-x64\jre\17.0.11-win32-x86_64\bin\jimage.dll
0x00007ffb67980000 - 0x00007ffb67bb2000 	C:\WINDOWS\SYSTEM32\DBGHELP.DLL
0x00007ffb6b150000 - 0x00007ffb6b4d8000 	C:\WINDOWS\System32\combase.dll
0x00007ffb6c930000 - 0x00007ffb6ca07000 	C:\WINDOWS\System32\OLEAUT32.dll
0x00007ffb5b3b0000 - 0x00007ffb5b3e2000 	C:\WINDOWS\SYSTEM32\dbgcore.DLL
0x00007ffb6a760000 - 0x00007ffb6a7db000 	C:\WINDOWS\System32\bcryptPrimitives.dll
0x00007ffb4f2f0000 - 0x00007ffb4f315000 	C:\Users\Aluno\.vscode\extensions\redhat.java-1.31.0-win32-x64\jre\17.0.11-win32-x86_64\bin\java.dll

dbghelp: loaded successfully - version: 4.0.5 - missing functions: none
symbol engine: initialized successfully - sym options: 0x614 - pdb path: .;C:\Users\Aluno\.vscode\extensions\redhat.java-1.31.0-win32-x64\jre\17.0.11-win32-x86_64\bin;C:\WINDOWS\SYSTEM32;C:\WINDOWS\WinSxS\amd64_microsoft.windows.common-controls_6595b64144ccf1df_6.0.22621.3672_none_2713b9d173822955;C:\Users\Aluno\.vscode\extensions\redhat.java-1.31.0-win32-x64\jre\17.0.11-win32-x86_64\bin\server

VM Arguments:
jvm_args: -XX:+ShowCodeDetailsInExceptionMessages 
java_command: br.com.exemplo.api.ApiApplication
java_class_path (initial): C:\Users\Aluno\Downloads\api\target\classes;C:\Users\Aluno\.m2\repository\org\springframework\boot\spring-boot-starter-web\3.3.1\spring-boot-starter-web-3.3.1.jar;C:\Users\Aluno\.m2\repository\org\springframework\boot\spring-boot-starter\3.3.1\spring-boot-starter-3.3.1.jar;C:\Users\Aluno\.m2\repository\org\springframework\boot\spring-boot-starter-logging\3.3.1\spring-boot-starter-logging-3.3.1.jar;C:\Users\Aluno\.m2\repository\ch\qos\logback\logback-classic\1.5.6\logback-classic-1.5.6.jar;C:\Users\Aluno\.m2\repository\ch\qos\logback\logback-core\1.5.6\logback-core-1.5.6.jar;C:\Users\Aluno\.m2\repository\org\apache\logging\log4j\log4j-to-slf4j\2.23.1\log4j-to-slf4j-2.23.1.jar;C:\Users\Aluno\.m2\repository\org\apache\logging\log4j\log4j-api\2.23.1\log4j-api-2.23.1.jar;C:\Users\Aluno\.m2\repository\org\slf4j\jul-to-slf4j\2.0.13\jul-to-slf4j-2.0.13.jar;C:\Users\Aluno\.m2\repository\jakarta\annotation\jakarta.annotation-api\2.1.1\jakarta.annotation-api-2.1.1.jar;C:\Users\Aluno\.m2\repository\org\yaml\snakeyaml\2.2\snakeyaml-2.2.jar;C:\Users\Aluno\.m2\repository\org\springframework\boot\spring-boot-starter-json\3.3.1\spring-boot-starter-json-3.3.1.jar;C:\Users\Aluno\.m2\repository\com\fasterxml\jackson\core\jackson-databind\2.17.1\jackson-databind-2.17.1.jar;C:\Users\Aluno\.m2\repository\com\fasterxml\jackson\core\jackson-annotations\2.17.1\jackson-annotations-2.17.1.jar;C:\Users\Aluno\.m2\repository\com\fasterxml\jackson\core\jackson-core\2.17.1\jackson-core-2.17.1.jar;C:\Users\Aluno\.m2\repository\com\fasterxml\jackson\datatype\jackson-datatype-jdk8\2.17.1\jackson-datatype-jdk8-2.17.1.jar;C:\Users\Aluno\.m2\repository\com\fasterxml\jackson\datatype\jackson-datatype-jsr310\2.17.1\jackson-datatype-jsr310-2.17.1.jar;C:\Users\Aluno\.m2\repository\com\fasterxml\jackson\module\jackson-module-parameter-names\2.17.1\jackson-module-parameter-names-2.17.1.jar;C:\Users\Aluno\.m2\repository\org\springframework\boot\spring-boot-starter-tomcat\3.3.1\sprin
Launcher Type: SUN_STANDARD

[Global flags]
     intx CICompilerCount                          = 4                                         {product} {ergonomic}
     uint ConcGCThreads                            = 3                                         {product} {ergonomic}
     uint G1ConcRefinementThreads                  = 10                                        {product} {ergonomic}
   size_t G1HeapRegionSize                         = 1048576                                   {product} {ergonomic}
    uintx GCDrainStackTargetSize                   = 64                                        {product} {ergonomic}
   size_t InitialHeapSize                          = 130023424                                 {product} {ergonomic}
   size_t MarkStackSize                            = 4194304                                   {product} {ergonomic}
   size_t MaxHeapSize                              = 2074083328                                {product} {ergonomic}
   size_t MinHeapDeltaBytes                        = 1048576                                   {product} {ergonomic}
   size_t MinHeapSize                              = 8388608                                   {product} {ergonomic}
    uintx NonNMethodCodeHeapSize                   = 5839372                                {pd product} {ergonomic}
    uintx NonProfiledCodeHeapSize                  = 122909434                              {pd product} {ergonomic}
    uintx ProfiledCodeHeapSize                     = 122909434                              {pd product} {ergonomic}
    uintx ReservedCodeCacheSize                    = 251658240                              {pd product} {ergonomic}
     bool SegmentedCodeCache                       = true                                      {product} {ergonomic}
     bool ShowCodeDetailsInExceptionMessages       = true                                   {manageable} {command line}
   size_t SoftMaxHeapSize                          = 2074083328                             {manageable} {ergonomic}
     bool UseCompressedClassPointers               = true                           {product lp64_product} {ergonomic}
     bool UseCompressedOops                        = true                           {product lp64_product} {ergonomic}
     bool UseG1GC                                  = true                                      {product} {ergonomic}
     bool UseLargePagesIndividualAllocation        = false                                  {pd product} {ergonomic}

Logging:
Log output configuration:
 #0: stdout all=warning uptime,level,tags
 #1: stderr all=off uptime,level,tags

Environment Variables:
PATH=C:\Program Files (x86)\NVIDIA Corporation\PhysX\Common;C:\Python311\Scripts\;C:\Python311\;C:\Program Files\Common Files\Oracle\Java\javapath;C:\Program Files (x86)\Common Files\Oracle\Java\javapath;C:\WINDOWS\system32;C:\WINDOWS;C:\WINDOWS\System32\Wbem;C:\WINDOWS\System32\WindowsPowerShell\v1.0\;C:\WINDOWS\System32\OpenSSH\;C:\Program Files\dotnet\;C:\Program Files\Git\cmd;C:\Program Files\PuTTY\;C:\xampp\php;C:\ProgramData\ComposerSetup\bin;C:\node_modules\.bin;C:\Program Files\Microsoft SQL Server\130\Tools\Binn\;C:\Program Files\Microsoft SQL Server\Client SDK\ODBC\170\Tools\Binn\;C:\Program Files\Microsoft SQL Server\120\Tools\Binn\;C:\Program Files\Common Files\Autodesk Shared\;C:\Program Files\Microsoft SQL Server\150\Tools\Binn\;C:\Program Files\nodejs\;C:\ProgramData\chocolatey\bin;;C:\ProgramData\UNIVALI\Portugol Studio;C:\Program Files (x86)\Windows Kits\8.1\Windows Performance Toolkit\;C:\Users\Aluno\AppData\Local\Programs\Python\Python312\Scripts\;C:\Users\Aluno\AppData\Local\Programs\Python\Python312\;C:\Users\Aluno\AppData\Local\Microsoft\WindowsApps;;C:\Users\Aluno\AppData\Local\Programs\Microsoft VS Code\bin;C:\Users\Aluno\AppData\Roaming\npm
USERNAME=Aluno
LANG=pt_BR.UTF-8
OS=Windows_NT
PROCESSOR_IDENTIFIER=Intel64 Family 6 Model 151 Stepping 2, GenuineIntel
TMP=C:\Users\Aluno\AppData\Local\Temp
TEMP=C:\Users\Aluno\AppData\Local\Temp



Periodic native trim disabled


---------------  S Y S T E M  ---------------

OS:
 Windows 11 , 64 bit Build 22621 (10.0.22621.3672)
OS uptime: 0 days 2:33 hours
Hyper-V role detected

CPU: total 12 (initial active 12) (6 cores per cpu, 2 threads per core) family 6 model 151 stepping 2 microcode 0x1e, cx8, cmov, fxsr, ht, mmx, 3dnowpref, sse, sse2, sse3, ssse3, sse4.1, sse4.2, popcnt, lzcnt, tsc, tscinvbit, avx, avx2, aes, erms, clmul, bmi1, bmi2, adx, sha, fma, vzeroupper, clflush, clflushopt, clwb, hv
Processor Information for all 12 processors :
  Max Mhz: 2500, Current Mhz: 2500, Mhz Limit: 2500

Memory: 4k page, system-wide physical 7907M (739M free)
TotalPageFile size 10756M (AvailPageFile size 77M)
current process WorkingSet (physical memory assigned to process): 11M, peak: 11M
current process commit charge ("private bytes"): 64M, peak: 188M

vm_info: OpenJDK 64-Bit Server VM (17.0.11+9) for windows-amd64 JRE (17.0.11+9), built on Apr 17 2024 06:07:48 by "admin" with MS VC++ 16.10 / 16.11 (VS2019)

END.
